<?xml version="1.0" encoding="UTF-8"?>
<!-- Generated by org.testng.reporters.JUnitXMLReporter -->
<testsuite ignored="0" hostname="DESKTOP-EAGAB1P" failures="0" tests="5" name="Default test" time="36.297" errors="0" timestamp="2025-02-01T13:44:34 IST">
  <testcase classname="testcases.CartPage_test" name="clickOnCheckoutBtnTest" time="1.418"/>
  <testcase classname="testcases.CartPage_test" name="verifyCartPageURLTest" time="0.09"/>
  <testcase classname="testcases.CartPage_test" name="verifyDescriptionTextTest" time="0.081"/>
  <testcase classname="testcases.CartPage_test" name="verifyQuantityTextTest" time="0.097"/>
  <testcase classname="testcases.CartPage_test" name="verifyYourCartTitleTest" time="0.11"/>
</testsuite> <!-- Default test -->
