<?xml version="1.0" encoding="UTF-8"?>
<!-- Generated by org.testng.reporters.JUnitXMLReporter -->
<testsuite ignored="2" hostname="DESKTOP-EAGAB1P" failures="0" tests="1" name="AllTest(failed)" time="14.819" errors="0" timestamp="2025-01-29T14:22:46 IST">
  <testcase classname="testcases.LoginPage_test" name="verifyTitleofApplicationTest" time="0.968"/>
  <testcase classname="testcases.LoginPage_test" name="verifyURLofApplicationTest" time="0.0">
    <ignored/>
  </testcase> <!-- verifyURLofApplicationTest -->
  <testcase classname="testcases.LoginPage_test" name="LoginToApplicationTest" time="0.0">
    <ignored/>
  </testcase> <!-- LoginToApplicationTest -->
</testsuite> <!-- AllTest(failed) -->
