<?xml version="1.0" encoding="UTF-8"?>
<!-- Generated by org.testng.reporters.JUnitXMLReporter -->
<testsuite ignored="10" hostname="DESKTOP-EAGAB1P" failures="0" tests="3" name="CheckOutTestCases" time="25.097" errors="0" timestamp="2025-02-01T13:31:56 IST">
  <testcase classname="testcases.CheckOutStep1Page_test" name="clickCancelBtnTest" time="1.048"/>
  <testcase classname="testcases.CheckOutStep1Page_test" name="verifyCheckInfoTextTest" time="0.085"/>
  <testcase classname="testcases.CheckOutComplete_test" name="verifythankUtxt" time="0.068"/>
  <testcase classname="testcases.CheckOutStep2Page_test" name="verifyPaymentInfotxtTest" time="0.0">
    <ignored/>
  </testcase> <!-- verifyPaymentInfotxtTest -->
  <testcase classname="testcases.CheckOutStep1Page_test" name="inputInfoTest" time="0.0">
    <ignored/>
  </testcase> <!-- inputInfoTest -->
  <testcase classname="testcases.CheckOutStep2Page_test" name="verifysasaucecardTxt" time="0.0">
    <ignored/>
  </testcase> <!-- verifysasaucecardTxt -->
  <testcase classname="testcases.CheckOutStep2Page_test" name="clickfinishbtnTxt" time="0.0">
    <ignored/>
  </testcase> <!-- clickfinishbtnTxt -->
  <testcase classname="testcases.CheckOutComplete_test" name="verifyordertxt" time="0.0">
    <ignored/>
  </testcase> <!-- verifyordertxt -->
  <testcase classname="testcases.CheckOutStep2Page_test" name="verifyshippinginfoTxt" time="0.0">
    <ignored/>
  </testcase> <!-- verifyshippinginfoTxt -->
  <testcase classname="testcases.CheckOutStep2Page_test" name="verifyitemSubTottxt" time="0.0">
    <ignored/>
  </testcase> <!-- verifyitemSubTottxt -->
  <testcase classname="testcases.CheckOutStep2Page_test" name="verifyitemTottxt" time="0.0">
    <ignored/>
  </testcase> <!-- verifyitemTottxt -->
  <testcase classname="testcases.CheckOutStep2Page_test" name="verifyfreeponyTxt" time="0.0">
    <ignored/>
  </testcase> <!-- verifyfreeponyTxt -->
  <testcase classname="testcases.CheckOutStep2Page_test" name="verifyitemTaxtxt" time="0.0">
    <ignored/>
  </testcase> <!-- verifyitemTaxtxt -->
</testsuite> <!-- CheckOutTestCases -->
